example/build/app/intermediates/manifest_merge_blame_file/debug/manifest-merger-blame-debug-report.txt
1<?xml version="1.0" encoding="utf-8"?>
2<manifest xmlns:android="http://schemas.android.com/apk/res/android"
3    package="com.profilepicker.example"
4    android:versionCode="1"
5    android:versionName="1.0" >
6
7    <uses-sdk
8        android:minSdkVersion="16"
9        android:targetSdkVersion="33" />
10    <!--
11         Flutter needs it to communicate with the running application
12         to allow setting breakpoints, to provide hot reload, etc.
13    -->
14    <uses-permission android:name="android.permission.INTERNET" />
14-->src/main/AndroidManifest.xml:9:5-66
14-->src/main/AndroidManifest.xml:9:22-64
15    <uses-permission android:name="android.permission.WRITE_EXTERNAL_STORAGE" />
15-->src/main/AndroidManifest.xml:10:5-80
15-->src/main/AndroidManifest.xml:10:22-78
16    <uses-permission android:name="android.permission.READ_EXTERNAL_STORAGE" />
16-->[:pro_file_picker] AndroidManifest.xml:7:5-80
16-->[:pro_file_picker] AndroidManifest.xml:7:22-77
17
18    <queries>
18-->[:pro_file_picker] AndroidManifest.xml:9:5-15:15
19        <intent>
19-->[:pro_file_picker] AndroidManifest.xml:10:9-14:18
20            <action android:name="android.intent.action.GET_CONTENT" />
20-->[:pro_file_picker] AndroidManifest.xml:11:13-72
20-->[:pro_file_picker] AndroidManifest.xml:11:21-69
21
22            <data android:mimeType="*/*" />
22-->[:pro_file_picker] AndroidManifest.xml:13:13-44
22-->[:pro_file_picker] AndroidManifest.xml:13:19-41
23        </intent>
24    </queries>
25    <!--
26 io.flutter.app.FlutterApplication is an android.app.Application that
27         calls FlutterMain.startInitialization(this); in its onCreate method.
28         In most cases you can leave this as-is, but you if you want to provide
29         additional functionality it is fine to subclass or reimplement
30         FlutterApplication and put your custom class here.
31    -->
32    <application
32-->src/main/AndroidManifest.xml:16:5-43:19
33        android:appComponentFactory="androidx.core.app.CoreComponentFactory"
33-->[androidx.core:core:1.6.0] AndroidManifest.xml:24:18-86
34        android:debuggable="true"
35        android:icon="@mipmap/ic_launcher"
35-->src/main/AndroidManifest.xml:18:9-43
36        android:label="file_picker_example" >
36-->src/main/AndroidManifest.xml:17:9-44
37        <activity
37-->src/main/AndroidManifest.xml:21:9-42:20
38            android:name="com.profilepicker.example.MainActivity"
38-->src/main/AndroidManifest.xml:22:13-41
39            android:configChanges="orientation|keyboardHidden|keyboard|screenSize|locale|layoutDirection|fontScale|screenLayout|density"
39-->src/main/AndroidManifest.xml:25:13-137
40            android:hardwareAccelerated="true"
40-->src/main/AndroidManifest.xml:26:13-47
41            android:launchMode="singleTop"
41-->src/main/AndroidManifest.xml:23:13-43
42            android:theme="@style/LaunchTheme"
42-->src/main/AndroidManifest.xml:24:13-47
43            android:windowSoftInputMode="adjustResize" >
43-->src/main/AndroidManifest.xml:27:13-55
44
45            <!--
46                 This keeps the window background of the activity showing
47                 until Flutter renders its first frame. It can be removed if
48                 there is no splash screen (such as the default splash screen
49                 defined in @style/LaunchTheme).
50            -->
51            <meta-data
51-->src/main/AndroidManifest.xml:32:13-34:40
52                android:name="io.flutter.app.android.SplashScreenUntilFirstFrame"
52-->src/main/AndroidManifest.xml:33:17-82
53                android:value="true" />
53-->src/main/AndroidManifest.xml:34:17-37
54            <meta-data
54-->src/main/AndroidManifest.xml:35:13-37:37
55                android:name="flutterEmbedding"
55-->src/main/AndroidManifest.xml:36:17-48
56                android:value="2" />
56-->src/main/AndroidManifest.xml:37:17-34
57
58            <intent-filter>
58-->src/main/AndroidManifest.xml:38:13-41:29
59                <action android:name="android.intent.action.MAIN" />
59-->src/main/AndroidManifest.xml:39:17-68
59-->src/main/AndroidManifest.xml:39:25-66
60
61                <category android:name="android.intent.category.LAUNCHER" />
61-->src/main/AndroidManifest.xml:40:17-76
61-->src/main/AndroidManifest.xml:40:27-74
62            </intent-filter>
63        </activity>
64
65        <uses-library
65-->[androidx.window:window:1.0.0-beta04] AndroidManifest.xml:25:9-27:40
66            android:name="androidx.window.extensions"
66-->[androidx.window:window:1.0.0-beta04] AndroidManifest.xml:26:13-54
67            android:required="false" />
67-->[androidx.window:window:1.0.0-beta04] AndroidManifest.xml:27:13-37
68        <uses-library
68-->[androidx.window:window:1.0.0-beta04] AndroidManifest.xml:28:9-30:40
69            android:name="androidx.window.sidecar"
69-->[androidx.window:window:1.0.0-beta04] AndroidManifest.xml:29:13-51
70            android:required="false" />
70-->[androidx.window:window:1.0.0-beta04] AndroidManifest.xml:30:13-37
71    </application>
72
73</manifest>